# ELBREAD: Elaboration process.
# ELBREAD: Warning: ELBREAD_0049 The "pong_main" design unit does not have a time unit/precision defined but other design units do.
# ELBREAD: Elaboration time 0.0 [s].
asim -O5 +access +r +m+tb tb
# ELBREAD: Elaboration process.
# ELBREAD: Warning: ELBREAD_0049 The "pong_main" design unit does not have a time unit/precision defined but other design units do.
# ELBREAD: Elaboration time 0.0 [s].
# VSIM: Stack memory: 32MB
# VSIM: Retval memory: 32MB
# 
# KERNEL: Main thread initiated.
# KERNEL: Kernel process initialization phase.
# ELAB2: Elaboration final pass...
# ELAB2: Create instances ...
# KERNEL: Time resolution set to 100ps.
# ELAB2: Create instances complete.
# SLP: Started
# SLP: Finished. Using existing simulator library
# SLP: 0 primitives and 42 (100.00%) other processes in SLP
# SLP: 89 (98.89%) signals in SLP and 1 (1.11%) interface signals
# ELAB2: Elaboration final pass complete - time: 0.0 [s].
# KERNEL: SLP loading done - time: 0.0 [s].
# KERNEL: Warning: You are using the Active-HDL Student Edition. The performance of simulation is running at a reduced rate.
# KERNEL: Warning: Contact Aldec for available upgrade options - sales@aldec.com.
# KERNEL: SLP simulation initialization done - time: 0.0 [s].
# KERNEL: Kernel process initialization done.
# Allocation: Simulator allocated 4762 kB (elbread=427 elab2=4199 kernel=135 sdf=0)
# KERNEL: ASDB file was created in location C:\My_Designs\FPGA-Flappy-Bird\FlappyMarceli\FlappyMarceli\src\wave.asdb
#  20:29, wtorek, 16 czerwca 2026
#  Simulation has been initialized
endsim
# VSIM: Simulation has finished.
asim -O5 +access +r +m+tb tb
# ELBREAD: Elaboration process.
# ELBREAD: Warning: ELBREAD_0049 The "pong_main" design unit does not have a time unit/precision defined but other design units do.
# ELBREAD: Elaboration time 0.0 [s].
# VSIM: Stack memory: 32MB
# VSIM: Retval memory: 32MB
# 
alog -O2 -sve -msg 5 -sv2k17 -work FlappyMarceli $dsn/src/pong_main.v
# Compile success 0 Errors 0 Warnings  Analysis time: 0[s].
# done
# ELBREAD: Elaboration process.
# ELBREAD: Warning: ELBREAD_0049 The "pong_main" design unit does not have a time unit/precision defined but other design units do.
# ELBREAD: Elaboration time 0.0 [s].
# KERNEL: Main thread initiated.
# KERNEL: Kernel process initialization phase.
# ELAB2: Elaboration final pass...
# ELAB2: Create instances ...
# KERNEL: Time resolution set to 100ps.
# ELAB2: Create instances complete.
# SLP: Started
# SLP: Elaboration phase ...
# SLP: Elaboration phase ... done : 0.0 [s]
# SLP: Generation phase ...
# SLP: Generation phase ... done : 0.7 [s]
# SLP: Finished : 0.7 [s]
# SLP: 0 primitives and 49 (100.00%) other processes in SLP
# SLP: 99 (99.00%) signals in SLP and 1 (1.00%) interface signals
# ELAB2: Elaboration final pass complete - time: 0.7 [s].
# KERNEL: SLP loading done - time: 0.0 [s].
# KERNEL: Warning: You are using the Active-HDL Student Edition. The performance of simulation is running at a reduced rate.
# KERNEL: Warning: Contact Aldec for available upgrade options - sales@aldec.com.
# KERNEL: SLP simulation initialization done - time: 0.0 [s].
# KERNEL: Kernel process initialization done.
# Allocation: Simulator allocated 4786 kB (elbread=427 elab2=4223 kernel=135 sdf=0)
# KERNEL: ASDB file was created in location C:\My_Designs\FPGA-Flappy-Bird\FlappyMarceli\FlappyMarceli\src\wave.asdb
#  20:44, wtorek, 16 czerwca 2026
#  Simulation has been initialized
run
endsim
# KERNEL: stopped at time: 3294924600 ps
# VSIM: Simulation has finished.
asim -O5 +access +r +m+tb tb
# ELBREAD: Elaboration process.
# ELBREAD: Warning: ELBREAD_0049 The "pong_main" design unit does not have a time unit/precision defined but other design units do.
# ELBREAD: Elaboration time 0.0 [s].
# VSIM: Stack memory: 32MB
# VSIM: Retval memory: 32MB
# 
alog -O2 -sve -msg 5 -sv2k17 -work FlappyMarceli $dsn/src/pong_main.v
# Compile success 0 Errors 0 Warnings  Analysis time: 0[s].
# done
# ELBREAD: Elaboration process.
# ELBREAD: Warning: ELBREAD_0049 The "pong_main" design unit does not have a time unit/precision defined but other design units do.
# ELBREAD: Elaboration time 0.0 [s].
# KERNEL: Main thread initiated.
# KERNEL: Kernel process initialization phase.
# ELAB2: Elaboration final pass...
# ELAB2: Create instances ...
# KERNEL: Time resolution set to 100ps.
# ELAB2: Create instances complete.
# SLP: Started
# SLP: Elaboration phase ...
# SLP: Elaboration phase ... done : 0.0 [s]
# SLP: Generation phase ...
# SLP: Generation phase ... done : 0.2 [s]
# SLP: Finished : 0.3 [s]
# SLP: 0 primitives and 49 (100.00%) other processes in SLP
# SLP: 99 (99.00%) signals in SLP and 1 (1.00%) interface signals
# ELAB2: Elaboration final pass complete - time: 0.3 [s].
# KERNEL: SLP loading done - time: 0.0 [s].
# KERNEL: Warning: You are using the Active-HDL Student Edition. The performance of simulation is running at a reduced rate.
# KERNEL: Warning: Contact Aldec for available upgrade options - sales@aldec.com.
# KERNEL: SLP simulation initialization done - time: 0.0 [s].
# KERNEL: Kernel process initialization done.
# Allocation: Simulator allocated 4786 kB (elbread=427 elab2=4223 kernel=135 sdf=0)
# KERNEL: ASDB file was created in location C:\My_Designs\FPGA-Flappy-Bird\FlappyMarceli\FlappyMarceli\src\wave.asdb
#  20:46, wtorek, 16 czerwca 2026
#  Simulation has been initialized
run
endsim
# KERNEL: stopped at time: 33408757800 ps
# VSIM: Simulation has finished.
asim -O5 +access +r +m+tb tb
# ELBREAD: Elaboration process.
# ELBREAD: Warning: ELBREAD_0049 The "pong_main" design unit does not have a time unit/precision defined but other design units do.
# ELBREAD: Elaboration time 0.0 [s].
# VSIM: Stack memory: 32MB
# VSIM: Retval memory: 32MB
# 
alog -O2 -sve -msg 5 -sv2k17 -work FlappyMarceli $dsn/src/tb.v
# Unit top modules: tb.
# Compile success 0 Errors 0 Warnings  Analysis time: 0[s].
# done
# ELBREAD: Elaboration process.
# ELBREAD: Warning: ELBREAD_0049 The "pong_main" design unit does not have a time unit/precision defined but other design units do.
# ELBREAD: Elaboration time 0.0 [s].
# KERNEL: Main thread initiated.
# KERNEL: Kernel process initialization phase.
# ELAB2: Elaboration final pass...
# ELAB2: Create instances ...
# KERNEL: Time resolution set to 100ps.
# ELAB2: Create instances complete.
# SLP: Started
# SLP: Elaboration phase ...
# SLP: Elaboration phase ... done : 0.0 [s]
# SLP: Generation phase ...
# SLP: Generation phase ... done : 0.2 [s]
# SLP: Finished : 0.3 [s]
# SLP: 0 primitives and 49 (100.00%) other processes in SLP
# SLP: 99 (99.00%) signals in SLP and 1 (1.00%) interface signals
# ELAB2: Elaboration final pass complete - time: 0.3 [s].
# KERNEL: SLP loading done - time: 0.0 [s].
# KERNEL: Warning: You are using the Active-HDL Student Edition. The performance of simulation is running at a reduced rate.
# KERNEL: Warning: Contact Aldec for available upgrade options - sales@aldec.com.
# KERNEL: SLP simulation initialization done - time: 0.0 [s].
# KERNEL: Kernel process initialization done.
# Allocation: Simulator allocated 4786 kB (elbread=427 elab2=4223 kernel=135 sdf=0)
# KERNEL: ASDB file was created in location C:\My_Designs\FPGA-Flappy-Bird\FlappyMarceli\FlappyMarceli\src\wave.asdb
#  20:47, wtorek, 16 czerwca 2026
#  Simulation has been initialized
run
endsim
# KERNEL: stopped at time: 4775713800 ps
# VSIM: Simulation has finished.
asim -O5 +access +r +m+tb tb
# ELBREAD: Elaboration process.
# ELBREAD: Warning: ELBREAD_0049 The "pong_main" design unit does not have a time unit/precision defined but other design units do.
# ELBREAD: Elaboration time 0.0 [s].
# VSIM: Stack memory: 32MB
# VSIM: Retval memory: 32MB
# 
# KERNEL: Main thread initiated.
# KERNEL: Kernel process initialization phase.
# ELAB2: Elaboration final pass...
# ELAB2: Create instances ...
# KERNEL: Time resolution set to 100ps.
# ELAB2: Create instances complete.
# SLP: Started
# SLP: Finished. Using existing simulator library
# SLP: 0 primitives and 49 (100.00%) other processes in SLP
# SLP: 99 (99.00%) signals in SLP and 1 (1.00%) interface signals
# ELAB2: Elaboration final pass complete - time: 0.0 [s].
# KERNEL: SLP loading done - time: 0.0 [s].
# KERNEL: Warning: You are using the Active-HDL Student Edition. The performance of simulation is running at a reduced rate.
# KERNEL: Warning: Contact Aldec for available upgrade options - sales@aldec.com.
# KERNEL: SLP simulation initialization done - time: 0.0 [s].
# KERNEL: Kernel process initialization done.
# Allocation: Simulator allocated 4786 kB (elbread=427 elab2=4223 kernel=135 sdf=0)
# KERNEL: ASDB file was created in location C:\My_Designs\FPGA-Flappy-Bird\FlappyMarceli\FlappyMarceli\src\wave.asdb
#  20:48, wtorek, 16 czerwca 2026
#  Simulation has been initialized
run
endsim
# KERNEL: stopped at time: 4502658600 ps
# VSIM: Simulation has finished.
asim -O5 +access +r +m+tb tb
# ELBREAD: Elaboration process.
# ELBREAD: Warning: ELBREAD_0049 The "pong_main" design unit does not have a time unit/precision defined but other design units do.
# ELBREAD: Elaboration time 0.0 [s].
# VSIM: Stack memory: 32MB
# VSIM: Retval memory: 32MB
# 
alog -O2 -sve -msg 5 -sv2k17 -work FlappyMarceli $dsn/src/tb.v
# Unit top modules: tb.
# Compile success 0 Errors 0 Warnings  Analysis time: 0[s].
# done
# ELBREAD: Elaboration process.
# ELBREAD: Warning: ELBREAD_0049 The "pong_main" design unit does not have a time unit/precision defined but other design units do.
# ELBREAD: Elaboration time 0.0 [s].
# KERNEL: Main thread initiated.
# KERNEL: Kernel process initialization phase.
# ELAB2: Elaboration final pass...
# ELAB2: Create instances ...
# KERNEL: Time resolution set to 100ps.
# ELAB2: Create instances complete.
# SLP: Started
# SLP: Elaboration phase ...
# SLP: Elaboration phase ... done : 0.0 [s]
# SLP: Generation phase ...
# SLP: Generation phase ... done : 0.2 [s]
# SLP: Finished : 0.3 [s]
# SLP: 0 primitives and 49 (100.00%) other processes in SLP
# SLP: 99 (99.00%) signals in SLP and 1 (1.00%) interface signals
# ELAB2: Elaboration final pass complete - time: 0.3 [s].
# KERNEL: SLP loading done - time: 0.0 [s].
# KERNEL: Warning: You are using the Active-HDL Student Edition. The performance of simulation is running at a reduced rate.
# KERNEL: Warning: Contact Aldec for available upgrade options - sales@aldec.com.
# KERNEL: SLP simulation initialization done - time: 0.0 [s].
# KERNEL: Kernel process initialization done.
# Allocation: Simulator allocated 4786 kB (elbread=427 elab2=4223 kernel=135 sdf=0)
# KERNEL: ASDB file was created in location C:\My_Designs\FPGA-Flappy-Bird\FlappyMarceli\FlappyMarceli\src\wave.asdb
#  20:48, wtorek, 16 czerwca 2026
#  Simulation has been initialized
run
endsim
# KERNEL: stopped at time: 2579920200 ps
# VSIM: Simulation has finished.
asim -O5 +access +r +m+tb tb
# ELBREAD: Elaboration process.
# ELBREAD: Warning: ELBREAD_0049 The "pong_main" design unit does not have a time unit/precision defined but other design units do.
# ELBREAD: Elaboration time 0.0 [s].
# VSIM: Stack memory: 32MB
# VSIM: Retval memory: 32MB
# 
alog -O2 -sve -msg 5 -sv2k17 -work FlappyMarceli $dsn/src/tb.v
# Unit top modules: tb.
# Compile success 0 Errors 0 Warnings  Analysis time: 0[s].
# done
# ELBREAD: Elaboration process.
# ELBREAD: Warning: ELBREAD_0049 The "pong_main" design unit does not have a time unit/precision defined but other design units do.
# ELBREAD: Elaboration time 0.0 [s].
# KERNEL: Main thread initiated.
# KERNEL: Kernel process initialization phase.
# ELAB2: Elaboration final pass...
# ELAB2: Create instances ...
# KERNEL: Time resolution set to 100ps.
# ELAB2: Create instances complete.
# SLP: Started
# SLP: Elaboration phase ...
# SLP: Elaboration phase ... done : 0.0 [s]
# SLP: Generation phase ...
# SLP: Generation phase ... done : 0.2 [s]
# SLP: Finished : 0.3 [s]
# SLP: 0 primitives and 49 (100.00%) other processes in SLP
# SLP: 99 (99.00%) signals in SLP and 1 (1.00%) interface signals
# ELAB2: Elaboration final pass complete - time: 0.3 [s].
# KERNEL: SLP loading done - time: 0.0 [s].
# KERNEL: Warning: You are using the Active-HDL Student Edition. The performance of simulation is running at a reduced rate.
# KERNEL: Warning: Contact Aldec for available upgrade options - sales@aldec.com.
# KERNEL: SLP simulation initialization done - time: 0.0 [s].
# KERNEL: Kernel process initialization done.
# Allocation: Simulator allocated 4786 kB (elbread=427 elab2=4223 kernel=135 sdf=0)
# KERNEL: ASDB file was created in location C:\My_Designs\FPGA-Flappy-Bird\FlappyMarceli\FlappyMarceli\src\wave.asdb
#  20:49, wtorek, 16 czerwca 2026
#  Simulation has been initialized
run
endsim
# KERNEL: stopped at time: 8428206600 ps
# VSIM: Simulation has finished.
asim -O5 +access +r +m+tb tb
# ELBREAD: Elaboration process.
# ELBREAD: Warning: ELBREAD_0049 The "pong_main" design unit does not have a time unit/precision defined but other design units do.
# ELBREAD: Elaboration time 0.0 [s].
# VSIM: Stack memory: 32MB
# VSIM: Retval memory: 32MB
# 
alog -O2 -sve -msg 5 -sv2k17 -work FlappyMarceli $dsn/src/tb.v
# Unit top modules: tb.
# Compile success 0 Errors 0 Warnings  Analysis time: 0[s].
# done
# ELBREAD: Elaboration process.
# ELBREAD: Warning: ELBREAD_0049 The "pong_main" design unit does not have a time unit/precision defined but other design units do.
# ELBREAD: Elaboration time 0.0 [s].
# KERNEL: Main thread initiated.
# KERNEL: Kernel process initialization phase.
# ELAB2: Elaboration final pass...
# ELAB2: Create instances ...
# KERNEL: Time resolution set to 100ps.
# ELAB2: Create instances complete.
# SLP: Started
# SLP: Elaboration phase ...
# SLP: Elaboration phase ... done : 0.0 [s]
# SLP: Generation phase ...
# SLP: Generation phase ... done : 0.2 [s]
# SLP: Finished : 0.3 [s]
# SLP: 0 primitives and 49 (100.00%) other processes in SLP
# SLP: 99 (99.00%) signals in SLP and 1 (1.00%) interface signals
# ELAB2: Elaboration final pass complete - time: 0.3 [s].
# KERNEL: SLP loading done - time: 0.0 [s].
# KERNEL: Warning: You are using the Active-HDL Student Edition. The performance of simulation is running at a reduced rate.
# KERNEL: Warning: Contact Aldec for available upgrade options - sales@aldec.com.
# KERNEL: SLP simulation initialization done - time: 0.0 [s].
# KERNEL: Kernel process initialization done.
# Allocation: Simulator allocated 4786 kB (elbread=427 elab2=4223 kernel=135 sdf=0)
# KERNEL: ASDB file was created in location C:\My_Designs\FPGA-Flappy-Bird\FlappyMarceli\FlappyMarceli\src\wave.asdb
#  20:50, wtorek, 16 czerwca 2026
#  Simulation has been initialized
run
endsim
# KERNEL: stopped at time: 14901869400 ps
# VSIM: Simulation has finished.
asim -O5 +access +r +m+tb tb
# ELBREAD: Elaboration process.
# ELBREAD: Warning: ELBREAD_0049 The "pong_main" design unit does not have a time unit/precision defined but other design units do.
# ELBREAD: Elaboration time 0.0 [s].
# VSIM: Stack memory: 32MB
# VSIM: Retval memory: 32MB
# 
alog -O2 -sve -msg 5 -sv2k17 -work FlappyMarceli $dsn/src/pong_main.v
# Compile success 0 Errors 0 Warnings  Analysis time: 0[s].
# done
# ELBREAD: Elaboration process.
# ELBREAD: Warning: ELBREAD_0049 The "pong_main" design unit does not have a time unit/precision defined but other design units do.
# ELBREAD: Elaboration time 0.0 [s].
# KERNEL: Main thread initiated.
# KERNEL: Kernel process initialization phase.
# ELAB2: Elaboration final pass...
# ELAB2: Create instances ...
# KERNEL: Time resolution set to 100ps.
# ELAB2: Create instances complete.
# SLP: Started
# SLP: Elaboration phase ...
# SLP: Elaboration phase ... done : 0.0 [s]
# SLP: Generation phase ...
# SLP: Generation phase ... done : 0.2 [s]
# SLP: Finished : 0.3 [s]
# SLP: 0 primitives and 49 (100.00%) other processes in SLP
# SLP: 99 (99.00%) signals in SLP and 1 (1.00%) interface signals
# ELAB2: Elaboration final pass complete - time: 0.3 [s].
# KERNEL: SLP loading done - time: 0.0 [s].
# KERNEL: Warning: You are using the Active-HDL Student Edition. The performance of simulation is running at a reduced rate.
# KERNEL: Warning: Contact Aldec for available upgrade options - sales@aldec.com.
# KERNEL: SLP simulation initialization done - time: 0.0 [s].
# KERNEL: Kernel process initialization done.
# Allocation: Simulator allocated 4786 kB (elbread=427 elab2=4223 kernel=135 sdf=0)
# KERNEL: ASDB file was created in location C:\My_Designs\FPGA-Flappy-Bird\FlappyMarceli\FlappyMarceli\src\wave.asdb
#  20:51, wtorek, 16 czerwca 2026
#  Simulation has been initialized
run
endsim
# KERNEL: stopped at time: 16613196600 ps
# VSIM: Simulation has finished.
asim -O5 +access +r +m+tb tb
# ELBREAD: Elaboration process.
# ELBREAD: Warning: ELBREAD_0049 The "pong_main" design unit does not have a time unit/precision defined but other design units do.
# ELBREAD: Elaboration time 0.0 [s].
# VSIM: Stack memory: 32MB
# VSIM: Retval memory: 32MB
# 
# KERNEL: Main thread initiated.
# KERNEL: Kernel process initialization phase.
# ELAB2: Elaboration final pass...
# ELAB2: Create instances ...
# KERNEL: Time resolution set to 100ps.
# ELAB2: Create instances complete.
# SLP: Started
# SLP: Finished. Using existing simulator library
# SLP: 0 primitives and 49 (100.00%) other processes in SLP
# SLP: 99 (99.00%) signals in SLP and 1 (1.00%) interface signals
# ELAB2: Elaboration final pass complete - time: 0.0 [s].
# KERNEL: SLP loading done - time: 0.0 [s].
# KERNEL: Warning: You are using the Active-HDL Student Edition. The performance of simulation is running at a reduced rate.
# KERNEL: Warning: Contact Aldec for available upgrade options - sales@aldec.com.
# KERNEL: SLP simulation initialization done - time: 0.0 [s].
# KERNEL: Kernel process initialization done.
# Allocation: Simulator allocated 4786 kB (elbread=427 elab2=4223 kernel=135 sdf=0)
# KERNEL: ASDB file was created in location C:\My_Designs\FPGA-Flappy-Bird\FlappyMarceli\FlappyMarceli\src\wave.asdb
#  20:53, wtorek, 16 czerwca 2026
#  Simulation has been initialized
run
endsim
# KERNEL: stopped at time: 32021160600 ps
# VSIM: Simulation has finished.
asim -O5 +access +r +m+tb tb
# ELBREAD: Elaboration process.
# ELBREAD: Warning: ELBREAD_0049 The "pong_main" design unit does not have a time unit/precision defined but other design units do.
# ELBREAD: Elaboration time 0.0 [s].
# VSIM: Stack memory: 32MB
# VSIM: Retval memory: 32MB
# 
alog -O2 -sve -msg 5 -sv2k17 -work FlappyMarceli $dsn/src/pong_main.v
# Compile success 0 Errors 0 Warnings  Analysis time: 0[s].
# done
# ELBREAD: Elaboration process.
# ELBREAD: Warning: ELBREAD_0049 The "pong_main" design unit does not have a time unit/precision defined but other design units do.
# ELBREAD: Elaboration time 0.0 [s].
# KERNEL: Main thread initiated.
# KERNEL: Kernel process initialization phase.
# ELAB2: Elaboration final pass...
# ELAB2: Create instances ...
# KERNEL: Time resolution set to 100ps.
# ELAB2: Create instances complete.
# SLP: Started
# SLP: Elaboration phase ...
# SLP: Elaboration phase ... done : 0.0 [s]
# SLP: Generation phase ...
# SLP: Generation phase ... done : 0.2 [s]
# SLP: Finished : 0.3 [s]
# SLP: 0 primitives and 49 (100.00%) other processes in SLP
# SLP: 100 (99.01%) signals in SLP and 1 (0.99%) interface signals
# ELAB2: Elaboration final pass complete - time: 0.3 [s].
# KERNEL: SLP loading done - time: 0.0 [s].
# KERNEL: Warning: You are using the Active-HDL Student Edition. The performance of simulation is running at a reduced rate.
# KERNEL: Warning: Contact Aldec for available upgrade options - sales@aldec.com.
# KERNEL: SLP simulation initialization done - time: 0.0 [s].
# KERNEL: Kernel process initialization done.
# Allocation: Simulator allocated 4787 kB (elbread=427 elab2=4224 kernel=135 sdf=0)
# KERNEL: ASDB file was created in location C:\My_Designs\FPGA-Flappy-Bird\FlappyMarceli\FlappyMarceli\src\wave.asdb
#  21:01, wtorek, 16 czerwca 2026
#  Simulation has been initialized
run
endsim
# KERNEL: stopped at time: 2759875800 ps
# VSIM: Simulation has finished.
asim -O5 +access +r +m+tb tb
# ELBREAD: Elaboration process.
# ELBREAD: Warning: ELBREAD_0049 The "pong_main" design unit does not have a time unit/precision defined but other design units do.
# ELBREAD: Elaboration time 0.0 [s].
# VSIM: Stack memory: 32MB
# VSIM: Retval memory: 32MB
# 
alog -O2 -sve -msg 5 -sv2k17 -work FlappyMarceli $dsn/src/pong_main.v
# Compile success 0 Errors 0 Warnings  Analysis time: 1[s].
# done
# ELBREAD: Elaboration process.
# ELBREAD: Warning: ELBREAD_0049 The "pong_main" design unit does not have a time unit/precision defined but other design units do.
# ELBREAD: Elaboration time 0.0 [s].
# KERNEL: Main thread initiated.
# KERNEL: Kernel process initialization phase.
# ELAB2: Elaboration final pass...
# ELAB2: Create instances ...
# KERNEL: Time resolution set to 100ps.
# ELAB2: Create instances complete.
# SLP: Started
# SLP: Elaboration phase ...
# SLP: Elaboration phase ... done : 0.0 [s]
# SLP: Generation phase ...
# SLP: Generation phase ... done : 0.2 [s]
# SLP: Finished : 0.3 [s]
# SLP: 0 primitives and 49 (100.00%) other processes in SLP
# SLP: 100 (99.01%) signals in SLP and 1 (0.99%) interface signals
# ELAB2: Elaboration final pass complete - time: 0.3 [s].
# KERNEL: SLP loading done - time: 0.0 [s].
# KERNEL: Warning: You are using the Active-HDL Student Edition. The performance of simulation is running at a reduced rate.
# KERNEL: Warning: Contact Aldec for available upgrade options - sales@aldec.com.
# KERNEL: SLP simulation initialization done - time: 0.0 [s].
# KERNEL: Kernel process initialization done.
# Allocation: Simulator allocated 4787 kB (elbread=427 elab2=4224 kernel=135 sdf=0)
# KERNEL: ASDB file was created in location C:\My_Designs\FPGA-Flappy-Bird\FlappyMarceli\FlappyMarceli\src\wave.asdb
#  21:02, wtorek, 16 czerwca 2026
#  Simulation has been initialized
run
endsim
# KERNEL: stopped at time: 12314088600 ps
# VSIM: Simulation has finished.
